<?xml version="1.0" encoding="UTF-8"?>
<testsuite xmlns:xsi="http://www.w3.org/2001/XMLSchema-instance" xsi:noNamespaceSchemaLocation="https://maven.apache.org/surefire/maven-surefire-plugin/xsd/surefire-test-report.xsd" name="com.mycompany.app.AppTest" time="0.069" tests="1" errors="0" skipped="0" failures="0">
  <properties>
    <property name="java.specification.version" value="15"/>
    <property name="sun.jnu.encoding" value="Cp1252"/>
    <property name="java.class.path" value="C:\Users\Shush\Desktop\newmvnproject\my-app\target\test-classes;C:\Users\Shush\Desktop\newmvnproject\my-app\target\classes;C:\Users\Shush\.m2\repository\junit\junit\4.11\junit-4.11.jar;C:\Users\Shush\.m2\repository\org\hamcrest\hamcrest-core\1.3\hamcrest-core-1.3.jar;"/>
    <property name="java.vm.vendor" value="BellSoft"/>
    <property name="sun.arch.data.model" value="32"/>
    <property name="user.variant" value=""/>
    <property name="java.vendor.url" value="https://bell-sw.com/"/>
    <property name="user.timezone" value="Europe/Zurich"/>
    <property name="os.name" value="Windows 10"/>
    <property name="java.vm.specification.version" value="15"/>
    <property name="sun.java.launcher" value="SUN_STANDARD"/>
    <property name="user.country" value="CH"/>
    <property name="sun.boot.library.path" value="C:\Program Files (x86)\BellSoft\LibericaJDK-15-Full\bin"/>
    <property name="sun.java.command" value="C:\Users\Shush\AppData\Local\Temp\surefire16608009881826752437\surefirebooter6866952080319470336.jar C:\Users\Shush\AppData\Local\Temp\surefire16608009881826752437 2021-01-20T21-43-54_887-jvmRun1 surefire10674043456659154799tmp surefire_06702278505703117873tmp"/>
    <property name="jdk.debug" value="release"/>
    <property name="surefire.test.class.path" value="C:\Users\Shush\Desktop\newmvnproject\my-app\target\test-classes;C:\Users\Shush\Desktop\newmvnproject\my-app\target\classes;C:\Users\Shush\.m2\repository\junit\junit\4.11\junit-4.11.jar;C:\Users\Shush\.m2\repository\org\hamcrest\hamcrest-core\1.3\hamcrest-core-1.3.jar;"/>
    <property name="sun.cpu.endian" value="little"/>
    <property name="user.home" value="C:\Users\Shush"/>
    <property name="user.language" value="de"/>
    <property name="java.specification.vendor" value="Oracle Corporation"/>
    <property name="java.version.date" value="2020-09-15"/>
    <property name="java.home" value="C:\Program Files (x86)\BellSoft\LibericaJDK-15-Full"/>
    <property name="file.separator" value="\"/>
    <property name="basedir" value="C:\Users\Shush\Desktop\newmvnproject\my-app"/>
    <property name="line.separator" value="&#10;"/>
    <property name="java.vm.specification.vendor" value="Oracle Corporation"/>
    <property name="java.specification.name" value="Java Platform API Specification"/>
    <property name="surefire.real.class.path" value="C:\Users\Shush\AppData\Local\Temp\surefire16608009881826752437\surefirebooter6866952080319470336.jar"/>
    <property name="user.script" value=""/>
    <property name="sun.management.compiler" value="HotSpot Client Compiler"/>
    <property name="java.runtime.version" value="15+36"/>
    <property name="user.name" value="Shush"/>
    <property name="path.separator" value=";"/>
    <property name="os.version" value="10.0"/>
    <property name="java.runtime.name" value="OpenJDK Runtime Environment"/>
    <property name="file.encoding" value="Cp1252"/>
    <property name="java.vm.name" value="OpenJDK Client VM"/>
    <property name="localRepository" value="C:\Users\Shush\.m2\repository"/>
    <property name="java.vendor.url.bug" value="https://bell-sw.com/support"/>
    <property name="java.io.tmpdir" value="C:\Users\Shush\AppData\Local\Temp\"/>
    <property name="java.version" value="15"/>
    <property name="user.dir" value="C:\Users\Shush\Desktop\newmvnproject\my-app"/>
    <property name="os.arch" value="x86"/>
    <property name="java.vm.specification.name" value="Java Virtual Machine Specification"/>
    <property name="sun.os.patch.level" value=""/>
    <property name="java.library.path" value="C:\Program Files (x86)\BellSoft\LibericaJDK-15-Full\bin;C:\WINDOWS\Sun\Java\bin;C:\WINDOWS\system32;C:\WINDOWS;C:\Program Files (x86)\BellSoft\LibericaJDK-15-Full\bin\;C:\Program Files\BellSoft\LibericaJDK-14-Full\bin\;C:\Program Files\BellSoft\LibericaJDK-14\bin\;C:\WINDOWS\system32;C:\WINDOWS;C:\WINDOWS\System32\Wbem;C:\WINDOWS\System32\WindowsPowerShell\v1.0\;C:\WINDOWS\System32\OpenSSH\;C:\Program Files (x86)\Brackets\command;C:\Program Files\nodejs\;C:\Program Files\MATLAB\R2020b\bin;C:\Program Files\PuTTY\;C:\Program Files\Git\cmd;C:\Program Files\maven\apache-maven-3.6.3-bin\apache-maven-3.6.3\bin;C:\Users\Shush\AppData\Local\Microsoft\WindowsApps;C:\Users\Shush\AppData\Roaming\npm;;."/>
    <property name="java.vm.info" value="mixed mode"/>
    <property name="java.vendor" value="BellSoft"/>
    <property name="java.vm.version" value="15+36"/>
    <property name="sun.io.unicode.encoding" value="UnicodeLittle"/>
    <property name="java.class.version" value="59.0"/>
  </properties>
  <testcase name="shouldAnswerWithTrue" classname="com.mycompany.app.AppTest" time="0"/>
</testsuite>